<?xml version="1.0" encoding="UTF-8"?>
<testng-results skipped="0" failed="0" total="1" passed="1">
  <reporter-output>
  </reporter-output>
  <suite name="Surefire suite" duration-ms="9736" started-at="2018-02-13T22:16:46Z" finished-at="2018-02-13T22:16:55Z">
    <groups>
    </groups>
    <test name="Surefire test" duration-ms="9736" started-at="2018-02-13T22:16:46Z" finished-at="2018-02-13T22:16:55Z">
      <class name="com.Freestor.RestAPI.ApiTest">
        <test-method status="PASS" signature="apiTest()[pri:0, instance:com.Freestor.RestAPI.ApiTest@1139b2f3]" name="apiTest" duration-ms="9685" started-at="2018-02-13T17:16:46Z" finished-at="2018-02-13T17:16:55Z">
          <reporter-output>
          </reporter-output>
        </test-method> <!-- apiTest -->
      </class> <!-- com.Freestor.RestAPI.ApiTest -->
    </test> <!-- Surefire test -->
  </suite> <!-- Surefire suite -->
</testng-results>
